{"name": "test_anchors_and_links[chromium]", "status": "failed", "statusDetails": {"message": "AssertionError: Found 5 error(s):\nAnchor #3 \"О нас\" -> #about: Target id 'about' not found\nAnchor #4 \"Вакансии\" -> #specializations: Target id 'specializations' not found\nAnchor #5 \"Отзывы\" -> #testimonials: Target id 'testimonials' not found\nAnchor #12 \"Политика конфиденциальности\" -> #: Target id '' not found\nAnchor #13 \"Условия использования\" -> #: Target id '' not found", "trace": "tests/test_anchors_and_links.py:260: in test_anchors_and_links\n    soft.assert_all()\nutils/soft_assert.py:21: in assert_all\n    raise AssertionError(f\"Found {len(self.errors)} error(s):\\n{summary}\")\nE   AssertionError: Found 5 error(s):\nE   Anchor #3 \"О нас\" -> #about: Target id 'about' not found\nE   Anchor #4 \"Вакансии\" -> #specializations: Target id 'specializations' not found\nE   Anchor #5 \"Отзывы\" -> #testimonials: Target id 'testimonials' not found\nE   Anchor #12 \"Политика конфиденциальности\" -> #: Target id '' not found\nE   Anchor #13 \"Условия использования\" -> #: Target id '' not found"}, "steps": [{"name": "Anchor #0 \"Актуальные вакансии\" -> https://ai-hunt.ru/vacancies/", "status": "passed", "attachments": [{"name": "anchor_outer_0", "source": "a754d663-adcf-450b-8c04-28c01e5341fb-attachment.txt", "type": "text/plain"}, {"name": "anchor_evaluated_0", "source": "f23a79de-53a8-46ac-8ca5-4fd74c254240-attachment.txt", "type": "text/plain"}], "start": 1764907256949, "stop": 1764907257904}, {"name": "Anchor #3 \"О нас\" -> #about", "status": "failed", "statusDetails": {"message": "AssertionError: Target id 'about' not found\n", "trace": "  File \"/app/tests/test_anchors_and_links.py\", line 104, in test_anchors_and_links\n    raise AssertionError(f\"Target id '{target_id}' not found\")\n"}, "attachments": [{"name": "anchor_outer_3", "source": "347131bf-9c14-4fd8-978c-bbccd5fe6fdc-attachment.txt", "type": "text/plain"}, {"name": "anchor_evaluated_3", "source": "3f06b5b6-bdf5-4d65-a19c-248b272a351b-attachment.txt", "type": "text/plain"}], "start": 1764907257904, "stop": 1764907257927}, {"name": "Anchor #4 \"Вакансии\" -> #specializations", "status": "failed", "statusDetails": {"message": "AssertionError: Target id 'specializations' not found\n", "trace": "  File \"/app/tests/test_anchors_and_links.py\", line 104, in test_anchors_and_links\n    raise AssertionError(f\"Target id '{target_id}' not found\")\n"}, "attachments": [{"name": "anchor_outer_4", "source": "99e608b9-1ba1-44ec-a978-13b066f522a3-attachment.txt", "type": "text/plain"}, {"name": "anchor_evaluated_4", "source": "3fd6af17-07bc-4fd9-a290-7f9632bd91d6-attachment.txt", "type": "text/plain"}], "start": 1764907257930, "stop": 1764907257951}, {"name": "Anchor #5 \"Отзывы\" -> #testimonials", "status": "failed", "statusDetails": {"message": "AssertionError: Target id 'testimonials' not found\n", "trace": "  File \"/app/tests/test_anchors_and_links.py\", line 104, in test_anchors_and_links\n    raise AssertionError(f\"Target id '{target_id}' not found\")\n"}, "attachments": [{"name": "anchor_outer_5", "source": "d7162fd1-9fe5-4873-80c2-25f7707f23be-attachment.txt", "type": "text/plain"}, {"name": "anchor_evaluated_5", "source": "d0ab8b59-722d-4090-82ec-519fd0285b18-attachment.txt", "type": "text/plain"}], "start": 1764907257954, "stop": 1764907257971}, {"name": "Anchor #6 \"Контакты\" -> #contact", "status": "passed", "attachments": [{"name": "anchor_outer_6", "source": "36afc17a-7011-4349-a9ac-33beb45b14c5-attachment.txt", "type": "text/plain"}, {"name": "anchor_evaluated_6", "source": "9eb14935-95a8-4d69-8991-2ed35c52714d-attachment.txt", "type": "text/plain"}, {"name": "selected_section_info_6", "source": "8686b6b5-89c3-4feb-9e55-427c07e6ec66-attachment.json", "type": "application/json"}, {"name": "Anchor #6 screenshot", "source": "d04308a9-ffaf-4c6e-9625-bb590dedc422-attachment.png", "type": "image/png"}], "start": 1764907257974, "stop": 1764907259063}, {"name": "Anchor #7 \"Аутстафф\" -> #services", "status": "passed", "attachments": [{"name": "anchor_outer_7", "source": "f7983af9-54d1-4e14-8cfd-79525ebbff38-attachment.txt", "type": "text/plain"}, {"name": "anchor_evaluated_7", "source": "8e362551-c5bd-4f62-9692-63bdf56c7b16-attachment.txt", "type": "text/plain"}, {"name": "selected_section_info_7", "source": "3abf1522-dffb-4c33-9352-310c9a64deea-attachment.json", "type": "application/json"}, {"name": "Anchor #7 screenshot", "source": "34d494b4-c2e1-461e-8701-6f67300a2b7d-attachment.png", "type": "image/png"}], "start": 1764907259063, "stop": 1764907260362}, {"name": "Anchor #8 \"Трудоустройство\" -> #services", "status": "passed", "attachments": [{"name": "anchor_outer_8", "source": "22021139-37c7-45e6-8aed-7fbf4bed4a19-attachment.txt", "type": "text/plain"}, {"name": "anchor_evaluated_8", "source": "d849b37a-72bb-4cbf-bc9b-8ffb82584746-attachment.txt", "type": "text/plain"}, {"name": "selected_section_info_8", "source": "0b3d48d6-4be6-49ed-b5e8-2e404e8cca19-attachment.json", "type": "application/json"}, {"name": "Anchor #8 screenshot", "source": "aad2f95e-4439-4aa7-bf9e-b87fc8dc413e-attachment.png", "type": "image/png"}], "start": 1764907260362, "stop": 1764907261546}, {"name": "Anchor #9 \"Консультация\" -> #contact", "status": "passed", "attachments": [{"name": "anchor_outer_9", "source": "6867da0d-a572-41a0-b346-de76031cb6e4-attachment.txt", "type": "text/plain"}, {"name": "anchor_evaluated_9", "source": "358cfae0-6e60-4880-9410-372108f37fce-attachment.txt", "type": "text/plain"}, {"name": "selected_section_info_9", "source": "83555605-9a6c-45be-9e86-5d07e188a14a-attachment.json", "type": "application/json"}, {"name": "Anchor #9 screenshot", "source": "61b31f3d-6d97-4398-b8e8-695666474ce2-attachment.png", "type": "image/png"}], "start": 1764907261546, "stop": 1764907262545}, {"name": "Anchor #12 \"Политика конфиденциальности\" -> #", "status": "failed", "statusDetails": {"message": "AssertionError: Target id '' not found\n", "trace": "  File \"/app/tests/test_anchors_and_links.py\", line 104, in test_anchors_and_links\n    raise AssertionError(f\"Target id '{target_id}' not found\")\n"}, "attachments": [{"name": "anchor_outer_12", "source": "5ce80de0-a1ab-446d-9adc-998a0d3d846a-attachment.txt", "type": "text/plain"}, {"name": "anchor_evaluated_12", "source": "84cf7df3-51e4-4f95-831a-70c3abb02cd8-attachment.txt", "type": "text/plain"}], "start": 1764907262545, "stop": 1764907262568}, {"name": "Anchor #13 \"Условия использования\" -> #", "status": "failed", "statusDetails": {"message": "AssertionError: Target id '' not found\n", "trace": "  File \"/app/tests/test_anchors_and_links.py\", line 104, in test_anchors_and_links\n    raise AssertionError(f\"Target id '{target_id}' not found\")\n"}, "attachments": [{"name": "anchor_outer_13", "source": "bcf6224c-cc94-44af-ba99-0f963d2cb91a-attachment.txt", "type": "text/plain"}, {"name": "anchor_evaluated_13", "source": "3e4b0a6d-d1c2-447e-ab4b-f18726b312a0-attachment.txt", "type": "text/plain"}], "start": 1764907262572, "stop": 1764907262591}], "attachments": [{"name": "Step Error", "source": "f9c1cd28-c8b2-489c-9a1d-8b34c38abb0f-attachment.txt", "type": "text/plain"}, {"name": "SoftAssert error", "source": "2c5ef787-39a8-4dd3-90f9-c89f259eac0a-attachment.txt", "type": "text/plain"}, {"name": "Step Error", "source": "c84dbde1-ce6d-4910-9633-55d6211895c9-attachment.txt", "type": "text/plain"}, {"name": "SoftAssert error", "source": "dd8aaded-6762-430a-abf0-a7a4864878de-attachment.txt", "type": "text/plain"}, {"name": "Step Error", "source": "6164b677-fded-4b3f-a906-5d68607103e1-attachment.txt", "type": "text/plain"}, {"name": "SoftAssert error", "source": "fcf21122-dd3c-4c44-bfcd-22459fe3e6f6-attachment.txt", "type": "text/plain"}, {"name": "Step Error", "source": "f1b0350f-4507-4295-9471-310070c23b67-attachment.txt", "type": "text/plain"}, {"name": "SoftAssert error", "source": "699ae1d8-bd60-4a83-9d3c-c10aa8a72f59-attachment.txt", "type": "text/plain"}, {"name": "Step Error", "source": "6c0df6e3-2d99-4701-9721-9c28688d9aeb-attachment.txt", "type": "text/plain"}, {"name": "SoftAssert error", "source": "62c4d449-75c3-4744-b232-abcd646ade1d-attachment.txt", "type": "text/plain"}, {"name": "All errors summary", "source": "e52b4e5b-d3ae-44ab-9e41-3bbbfa71f688-attachment.txt", "type": "text/plain"}], "parameters": [{"name": "browser_name", "value": "'chromium'"}], "start": 1764907248751, "stop": 1764907262596, "uuid": "c7f0b33b-9da6-4ff4-bf2f-acae8b26b53c", "historyId": "bb23b5b9c1650c95e57afd9042772889", "testCaseId": "223c7e6359f9d09d8c1d80c49157aee4", "fullName": "tests.test_anchors_and_links#test_anchors_and_links", "labels": [{"name": "parentSuite", "value": "tests"}, {"name": "suite", "value": "test_anchors_and_links"}, {"name": "host", "value": "61097ad7949e"}, {"name": "thread", "value": "10-MainThread"}, {"name": "framework", "value": "pytest"}, {"name": "language", "value": "cpython3"}, {"name": "package", "value": "tests.test_anchors_and_links"}], "titlePath": ["tests", "test_anchors_and_links.py"]}