{"name": "test_anchors_and_links[chromium]", "status": "failed", "statusDetails": {"message": "AssertionError: Found 5 error(s):\nAnchor #3 \"О нас\" -> #about: Target id 'about' not found\nAnchor #4 \"Вакансии\" -> #specializations: Target id 'specializations' not found\nAnchor #5 \"Отзывы\" -> #testimonials: Target id 'testimonials' not found\nAnchor #12 \"Политика конфиденциальности\" -> #: Target id '' not found\nAnchor #13 \"Условия использования\" -> #: Target id '' not found", "trace": "tests\\test_anchors_and_links.py:260: in test_anchors_and_links\n    soft.assert_all()\nutils\\soft_assert.py:21: in assert_all\n    raise AssertionError(f\"Found {len(self.errors)} error(s):\\n{summary}\")\nE   AssertionError: Found 5 error(s):\nE   Anchor #3 \"О нас\" -> #about: Target id 'about' not found\nE   Anchor #4 \"Вакансии\" -> #specializations: Target id 'specializations' not found\nE   Anchor #5 \"Отзывы\" -> #testimonials: Target id 'testimonials' not found\nE   Anchor #12 \"Политика конфиденциальности\" -> #: Target id '' not found\nE   Anchor #13 \"Условия использования\" -> #: Target id '' not found"}, "steps": [{"name": "Anchor #0 \"Актуальные вакансии\" -> https://ai-hunt.ru/vacancies/", "status": "passed", "attachments": [{"name": "anchor_outer_0", "source": "c6f339cf-b364-46ac-b41d-155b1bc07d21-attachment.txt", "type": "text/plain"}, {"name": "anchor_evaluated_0", "source": "025193b8-c485-4bd3-9dd7-b107715d8bb4-attachment.txt", "type": "text/plain"}], "start": 1764912847474, "stop": 1764912848431}, {"name": "Anchor #3 \"О нас\" -> #about", "status": "failed", "statusDetails": {"message": "AssertionError: Target id 'about' not found\n", "trace": "  File \"D:\\project\\testpy3\\tests\\test_anchors_and_links.py\", line 104, in test_anchors_and_links\n    raise AssertionError(f\"Target id '{target_id}' not found\")\n"}, "attachments": [{"name": "anchor_outer_3", "source": "1ce9cb43-80dc-4cb2-979d-ccf7e0d0679a-attachment.txt", "type": "text/plain"}, {"name": "anchor_evaluated_3", "source": "a7126bd2-3149-49bc-8d5a-65c000361aa9-attachment.txt", "type": "text/plain"}], "start": 1764912848431, "stop": 1764912848451}, {"name": "Anchor #4 \"Вакансии\" -> #specializations", "status": "failed", "statusDetails": {"message": "AssertionError: Target id 'specializations' not found\n", "trace": "  File \"D:\\project\\testpy3\\tests\\test_anchors_and_links.py\", line 104, in test_anchors_and_links\n    raise AssertionError(f\"Target id '{target_id}' not found\")\n"}, "attachments": [{"name": "anchor_outer_4", "source": "b6082e8f-d0a3-42c7-b2a0-8cccebd91d9d-attachment.txt", "type": "text/plain"}, {"name": "anchor_evaluated_4", "source": "290e827a-925e-4dbf-b3fc-24646fd575fe-attachment.txt", "type": "text/plain"}], "start": 1764912848451, "stop": 1764912848466}, {"name": "Anchor #5 \"Отзывы\" -> #testimonials", "status": "failed", "statusDetails": {"message": "AssertionError: Target id 'testimonials' not found\n", "trace": "  File \"D:\\project\\testpy3\\tests\\test_anchors_and_links.py\", line 104, in test_anchors_and_links\n    raise AssertionError(f\"Target id '{target_id}' not found\")\n"}, "attachments": [{"name": "anchor_outer_5", "source": "446b5275-8a00-46ac-837e-e0832abb8df4-attachment.txt", "type": "text/plain"}, {"name": "anchor_evaluated_5", "source": "0884dceb-bf3f-47d6-bd43-a374d9292566-attachment.txt", "type": "text/plain"}], "start": 1764912848466, "stop": 1764912848480}, {"name": "Anchor #6 \"Контакты\" -> #contact", "status": "passed", "attachments": [{"name": "anchor_outer_6", "source": "5abc073f-263d-4b78-b0b1-7be4b2466db4-attachment.txt", "type": "text/plain"}, {"name": "anchor_evaluated_6", "source": "4e2bfb32-0129-4d40-a617-1af14c6d945a-attachment.txt", "type": "text/plain"}, {"name": "selected_section_info_6", "source": "acd7c21a-de09-4c1c-a86d-4b96f748ba71-attachment.json", "type": "application/json"}, {"name": "Anchor #6 screenshot", "source": "a05406a2-90d6-4c0f-835e-adaf96180b25-attachment.png", "type": "image/png"}], "start": 1764912848480, "stop": 1764912849262}, {"name": "Anchor #7 \"Аутстафф\" -> #services", "status": "passed", "attachments": [{"name": "anchor_outer_7", "source": "0f1deca8-cc21-4d49-acc5-2b2e961326c1-attachment.txt", "type": "text/plain"}, {"name": "anchor_evaluated_7", "source": "33b6edda-2a55-4227-a21f-c2d0a3688f26-attachment.txt", "type": "text/plain"}, {"name": "selected_section_info_7", "source": "af3ae161-e25a-4adb-a9ab-93969e7daa20-attachment.json", "type": "application/json"}, {"name": "Anchor #7 screenshot", "source": "fcb314b9-0816-4aa6-ad2d-b7e402f3f915-attachment.png", "type": "image/png"}], "start": 1764912849262, "stop": 1764912849722}, {"name": "Anchor #8 \"Трудоустройство\" -> #services", "status": "passed", "attachments": [{"name": "anchor_outer_8", "source": "99ae0f6e-3461-4cb4-ac13-0d4e6cab91fe-attachment.txt", "type": "text/plain"}, {"name": "anchor_evaluated_8", "source": "843b46cb-c08f-4c51-897a-9d4e5007b15c-attachment.txt", "type": "text/plain"}, {"name": "selected_section_info_8", "source": "bae43c5c-97e6-4b6f-bd1e-25f3fac4b75b-attachment.json", "type": "application/json"}, {"name": "Anchor #8 screenshot", "source": "ee25c8c2-3335-46d1-9316-dd2b8e95b365-attachment.png", "type": "image/png"}], "start": 1764912849722, "stop": 1764912850142}, {"name": "Anchor #9 \"Консультация\" -> #contact", "status": "passed", "attachments": [{"name": "anchor_outer_9", "source": "eb630bcf-e0f9-4ef0-9a61-a10e33a5943f-attachment.txt", "type": "text/plain"}, {"name": "anchor_evaluated_9", "source": "e8ab427f-62b6-4ce9-a513-5189e66c0088-attachment.txt", "type": "text/plain"}, {"name": "selected_section_info_9", "source": "6d19833e-4c65-42de-bd8c-68b79efcf42c-attachment.json", "type": "application/json"}, {"name": "Anchor #9 screenshot", "source": "07b0dbab-200f-4983-9342-df77ca1b861d-attachment.png", "type": "image/png"}], "start": 1764912850142, "stop": 1764912850584}, {"name": "Anchor #12 \"Политика конфиденциальности\" -> #", "status": "failed", "statusDetails": {"message": "AssertionError: Target id '' not found\n", "trace": "  File \"D:\\project\\testpy3\\tests\\test_anchors_and_links.py\", line 104, in test_anchors_and_links\n    raise AssertionError(f\"Target id '{target_id}' not found\")\n"}, "attachments": [{"name": "anchor_outer_12", "source": "b3980df4-1d3d-4084-b5ab-8701f819ff2c-attachment.txt", "type": "text/plain"}, {"name": "anchor_evaluated_12", "source": "69eb94eb-2c6d-4984-8850-59ce7a70bf92-attachment.txt", "type": "text/plain"}], "start": 1764912850584, "stop": 1764912850604}, {"name": "Anchor #13 \"Условия использования\" -> #", "status": "failed", "statusDetails": {"message": "AssertionError: Target id '' not found\n", "trace": "  File \"D:\\project\\testpy3\\tests\\test_anchors_and_links.py\", line 104, in test_anchors_and_links\n    raise AssertionError(f\"Target id '{target_id}' not found\")\n"}, "attachments": [{"name": "anchor_outer_13", "source": "09ebc1fb-e24f-4e44-8735-0ad838491d9f-attachment.txt", "type": "text/plain"}, {"name": "anchor_evaluated_13", "source": "ee0f4915-d32d-443d-8fa7-d62689e20183-attachment.txt", "type": "text/plain"}], "start": 1764912850604, "stop": 1764912850622}], "attachments": [{"name": "Step Error", "source": "b1e4fddd-a2d6-47a5-bdea-5692261e8003-attachment.txt", "type": "text/plain"}, {"name": "SoftAssert error", "source": "3ad110cc-542d-45f9-bea1-a6cbb3b74af4-attachment.txt", "type": "text/plain"}, {"name": "Step Error", "source": "65740e66-f344-4e9b-aae0-44b8f8fdd72e-attachment.txt", "type": "text/plain"}, {"name": "SoftAssert error", "source": "8c447cd9-9c25-4a53-8b3f-824eaf0c88e1-attachment.txt", "type": "text/plain"}, {"name": "Step Error", "source": "6ba2f5ae-fb83-46e0-b61f-d8d932781d5e-attachment.txt", "type": "text/plain"}, {"name": "SoftAssert error", "source": "1e561211-378e-413b-9d77-cfcd6ec01d6c-attachment.txt", "type": "text/plain"}, {"name": "Step Error", "source": "72a56289-be65-4257-854f-21287a84adb2-attachment.txt", "type": "text/plain"}, {"name": "SoftAssert error", "source": "ee404cbc-d512-4f50-b126-aa09bb18b4e6-attachment.txt", "type": "text/plain"}, {"name": "Step Error", "source": "88177869-9429-4873-aa91-4867d32e60cc-attachment.txt", "type": "text/plain"}, {"name": "SoftAssert error", "source": "c7f71c71-03a6-41ba-b2c3-a56194b87af9-attachment.txt", "type": "text/plain"}, {"name": "All errors summary", "source": "594c8d59-12f9-4b26-9ac2-07c703ffa569-attachment.txt", "type": "text/plain"}], "parameters": [{"name": "browser_name", "value": "'chromium'"}], "start": 1764912836418, "stop": 1764912850623, "uuid": "7ee60759-1b3b-40b2-be0f-944c6018368f", "historyId": "bb23b5b9c1650c95e57afd9042772889", "testCaseId": "223c7e6359f9d09d8c1d80c49157aee4", "fullName": "tests.test_anchors_and_links#test_anchors_and_links", "labels": [{"name": "parentSuite", "value": "tests"}, {"name": "suite", "value": "test_anchors_and_links"}, {"name": "host", "value": "DESKTOP-1I0DLA6"}, {"name": "thread", "value": "23320-MainThread"}, {"name": "framework", "value": "pytest"}, {"name": "language", "value": "cpython3"}, {"name": "package", "value": "tests.test_anchors_and_links"}], "titlePath": ["tests", "test_anchors_and_links.py"]}